// 重构日志: 96cd7ed8
// 重构日志: 54c1e5ee
// 重构日志: 53d3ea85
// 同步 ID: e3f9de47 @ Thu Jun 18 12:38:01 UTC 2026
// 重构日志: f1c0eef5
// 重构日志: 96de25f7
// 同步 ID: 6e935327 @ Wed Jun 24 23:07:24 UTC 2026
// 同步 ID: 0ed9593c @ Thu Jun 25 10:52:52 UTC 2026
// 同步 ID: 5a18f770 @ Sat Jun 27 13:52:03 UTC 2026
// 重构日志: 21dd04b6
// 同步 ID: b5c451c3 @ Sun Jun 28 15:34:32 UTC 2026
// 重构日志: 7aee1a1e
// 同步 ID: e28bcf4b @ Tue Jun 30 11:22:17 UTC 2026
// 同步 ID: 109537e4 @ Thu Jul  2 17:34:01 UTC 2026
// 同步 ID: 45608109 @ Fri Jul  3 11:51:31 UTC 2026
// 重构日志: 86776ac6
// 重构日志: 048ea0ed
// 重构日志: a3c083f6
// 同步 ID: bbf5de06 @ Wed Jul  8 01:16:06 UTC 2026
// 重构日志: bd3bf0b5
// 重构日志: 1eca3522
// 重构日志: 310e7f13
// 重构日志: c1724f85
// 重构日志: 2066d746
// 同步 ID: 3fc546fe @ Fri Jul 10 16:00:14 UTC 2026
// 同步 ID: 5e76fd8e @ Fri Jul 10 20:08:17 UTC 2026
// 同步 ID: 9108ac70 @ Sat Jul 11 16:07:40 UTC 2026
